<?xml version="1.0" encoding="UTF-8" ?>
<testsuite tests="1" failures="1" name="NewEmptyJUnitTest" time="4.357" errors="0" skipped="0">
  <properties>
[...]
</properties>
  <testcase classname="NewEmptyJUnitTest" name="person" time="0.246">
    <failure message="Status expected:&lt;200&gt; but was:&lt;404&gt;" type="java.lang.AssertionError">java.lang.AssertionError: Status expected:&lt;200&gt; but was:&lt;404&gt;
	at org.springframework.test.util.AssertionErrors.fail(AssertionErrors.java:60)
	at org.springframework.test.util.AssertionErrors.assertEquals(AssertionErrors.java:89)
	at org.springframework.test.web.servlet.result.StatusResultMatchers$10.match(StatusResultMatchers.java:655)
	at org.springframework.test.web.servlet.MockMvc$1.andExpect(MockMvc.java:171)
	at NewEmptyJUnitTest.person(NewEmptyJUnitTest.java:58)
	at sun.reflect.NativeMethodAccessorImpl.invoke0(Native Method)
	at sun.reflect.NativeMethodAccessorImpl.invoke(NativeMethodAccessorImpl.java:62)
	at sun.reflect.DelegatingMethodAccessorImpl.invoke(DelegatingMethodAccessorImpl.java:43)
	at java.lang.reflect.Method.invoke(Method.java:497)
	at org.junit.runners.model.FrameworkMethod$1.runReflectiveCall(FrameworkMethod.java:47)
	at org.junit.internal.runners.model.ReflectiveCallable.run(ReflectiveCallable.java:12)
	at org.junit.runners.model.FrameworkMethod.invokeExplosively(FrameworkMethod.java:44)
	at org.junit.internal.runners.statements.InvokeMethod.evaluate(InvokeMethod.java:17)
	at org.junit.internal.runners.statements.RunBefores.evaluate(RunBefores.java:26)
	at org.springframework.test.context.junit4.statements.RunBeforeTestMethodCallbacks.evaluate(RunBeforeTestMethodCallbacks.java:75)
	at org.springframework.test.context.junit4.statements.RunAfterTestMethodCallbacks.evaluate(RunAfterTestMethodCallbacks.java:86)
	at org.springframework.test.context.junit4.statements.SpringRepeat.evaluate(SpringRepeat.java:84)
	at org.junit.runners.ParentRunner.runLeaf(ParentRunner.java:271)
	at org.springframework.test.context.junit4.SpringJUnit4ClassRunner.runChild(SpringJUnit4ClassRunner.java:254)
	at org.springframework.test.context.junit4.SpringJUnit4ClassRunner.runChild(SpringJUnit4ClassRunner.java:89)
	at org.junit.runners.ParentRunner$3.run(ParentRunner.java:238)
	at org.junit.runners.ParentRunner$1.schedule(ParentRunner.java:63)
	at org.junit.runners.ParentRunner.runChildren(ParentRunner.java:236)
	at org.junit.runners.ParentRunner.access$000(ParentRunner.java:53)
	at org.junit.runners.ParentRunner$2.evaluate(ParentRunner.java:229)
	at org.springframework.test.context.junit4.statements.RunBeforeTestClassCallbacks.evaluate(RunBeforeTestClassCallbacks.java:61)
	at org.springframework.test.context.junit4.statements.RunAfterTestClassCallbacks.evaluate(RunAfterTestClassCallbacks.java:70)
	at org.junit.runners.ParentRunner.run(ParentRunner.java:309)
	at org.springframework.test.context.junit4.SpringJUnit4ClassRunner.run(SpringJUnit4ClassRunner.java:193)
	at org.apache.maven.surefire.junit4.JUnit4TestSet.execute(JUnit4TestSet.java:53)
	at org.apache.maven.surefire.junit4.JUnit4Provider.executeTestSet(JUnit4Provider.java:123)
	at org.apache.maven.surefire.junit4.JUnit4Provider.invoke(JUnit4Provider.java:104)
	at sun.reflect.NativeMethodAccessorImpl.invoke0(Native Method)
	at sun.reflect.NativeMethodAccessorImpl.invoke(NativeMethodAccessorImpl.java:62)
	at sun.reflect.DelegatingMethodAccessorImpl.invoke(DelegatingMethodAccessorImpl.java:43)
	at java.lang.reflect.Method.invoke(Method.java:497)
	at org.apache.maven.surefire.util.ReflectionUtils.invokeMethodWithArray(ReflectionUtils.java:164)
	at org.apache.maven.surefire.booter.ProviderFactory$ProviderProxy.invoke(ProviderFactory.java:110)
	at org.apache.maven.surefire.booter.SurefireStarter.invokeProvider(SurefireStarter.java:175)
	at org.apache.maven.surefire.booter.SurefireStarter.runSuitesInProcessWhenForked(SurefireStarter.java:107)
	at org.apache.maven.surefire.booter.ForkedBooter.main(ForkedBooter.java:68)
</failure>
    <system-out>
MockHttpServletRequest:
      HTTP Method = GET
      Request URI = /person/5
       Parameters = {}
          Headers = {Accept=[application/json]}

Handler:
             Type = null

Async:
    Async started = false
     Async result = null

Resolved Exception:
             Type = null

ModelAndView:
        View name = null
             View = null
            Model = null

FlashMap:
       Attributes = null

MockHttpServletResponse:
           Status = 404
    Error message = null
          Headers = {}
     Content type = null
             Body = 
    Forwarded URL = null
   Redirected URL = null
          Cookies = []
</system-out>
    <system-err>Dec 09, 2015 4:14:06 PM org.springframework.test.context.web.WebTestContextBootstrapper getDefaultTestExecutionListenerClassNames
INFO: Loaded default TestExecutionListener class names from location [META-INF/spring.factories]: [org.springframework.test.context.web.ServletTestExecutionListener, org.springframework.test.context.support.DirtiesContextBeforeModesTestExecutionListener, org.springframework.test.context.support.DependencyInjectionTestExecutionListener, org.springframework.test.context.support.DirtiesContextTestExecutionListener, org.springframework.test.context.transaction.TransactionalTestExecutionListener, org.springframework.test.context.jdbc.SqlScriptsTestExecutionListener]
Dec 09, 2015 4:14:06 PM org.springframework.test.context.web.WebTestContextBootstrapper getTestExecutionListeners
INFO: Using TestExecutionListeners: [org.springframework.test.context.web.ServletTestExecutionListener@7dc7cbad, org.springframework.test.context.support.DirtiesContextBeforeModesTestExecutionListener@d2cc05a, org.springframework.test.context.support.DependencyInjectionTestExecutionListener@4f933fd1, org.springframework.test.context.support.DirtiesContextTestExecutionListener@548a9f61, org.springframework.test.context.transaction.TransactionalTestExecutionListener@1753acfe, org.springframework.test.context.jdbc.SqlScriptsTestExecutionListener@7c16905e]
Dec 09, 2015 4:14:06 PM org.springframework.web.context.support.GenericWebApplicationContext prepareRefresh
INFO: Refreshing org.springframework.web.context.support.GenericWebApplicationContext@13deb50e: startup date [Wed Dec 09 16:14:06 GMT 2015]; root of context hierarchy
Dec 09, 2015 4:14:07 PM org.springframework.beans.factory.annotation.AutowiredAnnotationBeanPostProcessor &lt;init&gt;
INFO: JSR-330 &apos;javax.inject.Inject&apos; annotation found and supported for autowiring
Dec 09, 2015 4:14:07 PM org.springframework.context.support.PostProcessorRegistrationDelegate$BeanPostProcessorChecker postProcessAfterInitialization
INFO: Bean &apos;hibernateConfig&apos; of type [class com.packtpub.spring.ws.javaconfig.config.HibernateConfig$$EnhancerBySpringCGLIB$$172ae6a6] is not eligible for getting processed by all BeanPostProcessors (for example: not eligible for auto-proxying)
Dec 09, 2015 4:14:07 PM org.hibernate.annotations.common.reflection.java.JavaReflectionManager &lt;clinit&gt;
INFO: HCANN000001: Hibernate Commons Annotations {4.0.5.Final}
Dec 09, 2015 4:14:07 PM org.hibernate.Version logVersion
INFO: HHH000412: Hibernate Core {4.3.6.Final}
Dec 09, 2015 4:14:07 PM org.hibernate.cfg.Environment &lt;clinit&gt;
INFO: HHH000205: Loaded properties from resource hibernate.properties: {jdbc.url=jdbc:mysql://localhost:3306/bookstore, jdbc.username=root, hibernate.dialect=org.hibernate.dialect.MySQLDialect, hibernate.show_sql=true, hibernate.bytecode.use_reflection_optimizer=false, jdbc.password=root, hibernate.format_sql=true, jdbc.driverClassName=com.mysql.jdbc.Driver}
Dec 09, 2015 4:14:07 PM org.hibernate.cfg.Environment buildBytecodeProvider
INFO: HHH000021: Bytecode provider name : javassist
Dec 09, 2015 4:14:08 PM org.hibernate.dialect.Dialect &lt;init&gt;
INFO: HHH000400: Using dialect: org.hibernate.dialect.MySQLDialect
Dec 09, 2015 4:14:08 PM org.hibernate.engine.jdbc.internal.LobCreatorBuilder useContextualLobCreation
INFO: HHH000423: Disabling contextual LOB creation as JDBC driver reported JDBC version [3] less than 4
Dec 09, 2015 4:14:08 PM org.hibernate.engine.transaction.internal.TransactionFactoryInitiator initiateService
INFO: HHH000399: Using default transaction strategy (direct JDBC transactions)
Dec 09, 2015 4:14:08 PM org.hibernate.hql.internal.ast.ASTQueryTranslatorFactory &lt;init&gt;
INFO: HHH000397: Using ASTQueryTranslatorFactory
Dec 09, 2015 4:14:08 PM org.hibernate.validator.internal.util.Version &lt;clinit&gt;
INFO: HV000001: Hibernate Validator 5.1.2.Final
Dec 09, 2015 4:14:09 PM org.springframework.web.servlet.mvc.method.annotation.RequestMappingHandlerMapping register
INFO: Mapped &quot;{[/jsonapi/{id}],methods=[GET],produces=[application/json]}&quot; onto public com.packtpub.spring.ws.javaconfig.model.Message com.packtpub.spring.ws.javaconfig.controller.MyAPIController.getAPIMessage(java.lang.String)
Dec 09, 2015 4:14:09 PM org.springframework.web.servlet.mvc.method.annotation.RequestMappingHandlerMapping register
INFO: Mapped &quot;{[/jsonapi/add/{id}],methods=[POST],produces=[application/json]}&quot; onto public java.lang.String com.packtpub.spring.ws.javaconfig.controller.MyAPIController.addAPIMessage(java.lang.String)
Dec 09, 2015 4:14:09 PM org.springframework.web.servlet.mvc.method.annotation.RequestMappingHandlerMapping register
INFO: Mapped &quot;{[/book/{id}],methods=[GET],produces=[application/json]}&quot; onto public com.packtpub.spring.ws.javaconfig.model.Book com.packtpub.spring.ws.javaconfig.controller.MyAPIController.getAPIBook(java.lang.String)
Dec 09, 2015 4:14:09 PM org.springframework.web.servlet.mvc.method.annotation.RequestMappingHandlerMapping register
INFO: Mapped &quot;{[/message/],methods=[GET]}&quot; onto public java.lang.String com.packtpub.spring.ws.javaconfig.controller.MySimpleController.messageRequest(java.lang.String)
Dec 09, 2015 4:14:09 PM org.springframework.web.servlet.mvc.method.annotation.RequestMappingHandlerMapping register
INFO: Mapped &quot;{[/message/{id}],methods=[POST]}&quot; onto public java.lang.String com.packtpub.spring.ws.javaconfig.controller.MySimpleController.messageRequest(java.lang.String,org.springframework.ui.Model)
Dec 09, 2015 4:14:09 PM org.springframework.web.servlet.handler.SimpleUrlHandlerMapping registerHandler
INFO: Mapped URL path [/resources/**] onto handler of type [class org.springframework.web.servlet.resource.ResourceHttpRequestHandler]
Dec 09, 2015 4:14:10 PM org.springframework.web.servlet.mvc.method.annotation.RequestMappingHandlerAdapter initControllerAdviceCache
INFO: Looking for @ControllerAdvice: org.springframework.web.context.support.GenericWebApplicationContext@13deb50e: startup date [Wed Dec 09 16:14:06 GMT 2015]; root of context hierarchy
Dec 09, 2015 4:14:10 PM org.springframework.orm.hibernate4.HibernateTransactionManager afterPropertiesSet
INFO: Using DataSource [org.apache.commons.dbcp.BasicDataSource@4f20a5e0] of Hibernate SessionFactory for HibernateTransactionManager
Dec 09, 2015 4:14:10 PM org.springframework.mock.web.MockServletContext log
INFO: Initializing Spring FrameworkServlet &apos;&apos;
Dec 09, 2015 4:14:10 PM org.springframework.test.web.servlet.TestDispatcherServlet initServletBean
INFO: FrameworkServlet &apos;&apos;: initialization started
Dec 09, 2015 4:14:10 PM org.springframework.test.web.servlet.TestDispatcherServlet initServletBean
INFO: FrameworkServlet &apos;&apos;: initialization completed in 19 ms
Dec 09, 2015 4:14:10 PM org.springframework.web.servlet.PageNotFound noHandlerFound
WARNING: No mapping found for HTTP request with URI [/person/5] in DispatcherServlet with name &apos;&apos;
</system-err>
  </testcase>
</testsuite>